<?xml version="1.0" encoding="UTF-8"?>
<coverage generated="1541009909287" clover="3.2.0">
  <project timestamp="1541009909287" name="All files">
    <metrics statements="82" coveredstatements="74" conditionals="44" coveredconditionals="37" methods="23" coveredmethods="19" elements="149" coveredelements="130" complexity="0" loc="82" ncloc="82" packages="1" files="3" classes="3">
      <file name="dataset_utils.js" path="D:\xampp\htdocs\daw2\cliente\Unidad2-Profundizacion\Evaluable03 - Buggy_code\buggy_code\app\data\dataset_utils.js">
        <metrics statements="18" coveredstatements="18" conditionals="34" coveredconditionals="34" methods="4" coveredmethods="4"/>
        <line num="4" count="1" type="stmt"/>
        <line num="82" count="11" type="cond" truecount="8" falsecount="0"/>
        <line num="88" count="8" type="stmt"/>
        <line num="90" count="3" type="stmt"/>
        <line num="100" count="12" type="cond" truecount="9" falsecount="0"/>
        <line num="107" count="8" type="stmt"/>
        <line num="109" count="4" type="stmt"/>
        <line num="118" count="18" type="cond" truecount="15" falsecount="0"/>
        <line num="131" count="17" type="stmt"/>
        <line num="133" count="1" type="stmt"/>
        <line num="142" count="5" type="cond" truecount="2" falsecount="0"/>
        <line num="143" count="1" type="stmt"/>
        <line num="149" count="4" type="stmt"/>
        <line num="152" count="1" type="stmt"/>
        <line num="153" count="1" type="stmt"/>
        <line num="154" count="1" type="stmt"/>
        <line num="155" count="1" type="stmt"/>
        <line num="156" count="1" type="stmt"/>
      </file>
      <file name="json_reader.js" path="D:\xampp\htdocs\daw2\cliente\Unidad2-Profundizacion\Evaluable03 - Buggy_code\buggy_code\app\data\json_reader.js">
        <metrics statements="19" coveredstatements="19" conditionals="2" coveredconditionals="2" methods="2" coveredmethods="2"/>
        <line num="1" count="1" type="stmt"/>
        <line num="2" count="1" type="stmt"/>
        <line num="3" count="1" type="stmt"/>
        <line num="4" count="1" type="stmt"/>
        <line num="12" count="1" type="stmt"/>
        <line num="13" count="1" type="stmt"/>
        <line num="14" count="3" type="stmt"/>
        <line num="15" count="3" type="stmt"/>
        <line num="16" count="3" type="stmt"/>
        <line num="18" count="1" type="stmt"/>
        <line num="28" count="4" type="stmt"/>
        <line num="29" count="4" type="stmt"/>
        <line num="30" count="4" type="stmt"/>
        <line num="32" count="2" type="cond" truecount="2" falsecount="0"/>
        <line num="33" count="1" type="stmt"/>
        <line num="35" count="1" type="stmt"/>
        <line num="37" count="2" type="stmt"/>
        <line num="40" count="1" type="stmt"/>
        <line num="41" count="1" type="stmt"/>
      </file>
      <file name="player.js" path="D:\xampp\htdocs\daw2\cliente\Unidad2-Profundizacion\Evaluable03 - Buggy_code\buggy_code\app\data\player.js">
        <metrics statements="45" coveredstatements="37" conditionals="8" coveredconditionals="1" methods="17" coveredmethods="13"/>
        <line num="1" count="1" type="stmt"/>
        <line num="2" count="1" type="stmt"/>
        <line num="3" count="1" type="stmt"/>
        <line num="4" count="1" type="stmt"/>
        <line num="5" count="1" type="stmt"/>
        <line num="6" count="1" type="stmt"/>
        <line num="17" count="3" type="stmt"/>
        <line num="27" count="3" type="stmt"/>
        <line num="28" count="3" type="stmt"/>
        <line num="29" count="3" type="stmt"/>
        <line num="30" count="3" type="stmt"/>
        <line num="31" count="3" type="stmt"/>
        <line num="32" count="3" type="stmt"/>
        <line num="33" count="3" type="stmt"/>
        <line num="34" count="3" type="stmt"/>
        <line num="35" count="3" type="stmt"/>
        <line num="36" count="3" type="stmt"/>
        <line num="37" count="3" type="cond" truecount="1" falsecount="1"/>
        <line num="38" count="3" type="stmt"/>
        <line num="39" count="3" type="stmt"/>
        <line num="40" count="0" type="cond" truecount="0" falsecount="2"/>
        <line num="41" count="0" type="stmt"/>
        <line num="42" count="0" type="stmt"/>
        <line num="45" count="3" type="stmt"/>
        <line num="46" count="3" type="stmt"/>
        <line num="47" count="3" type="stmt"/>
        <line num="48" count="3" type="stmt"/>
        <line num="49" count="3" type="stmt"/>
        <line num="50" count="3" type="stmt"/>
        <line num="51" count="3" type="stmt"/>
        <line num="61" count="0" type="stmt"/>
        <line num="69" count="1" type="stmt"/>
        <line num="77" count="1" type="stmt"/>
        <line num="85" count="1" type="stmt"/>
        <line num="93" count="1" type="stmt"/>
        <line num="101" count="1" type="stmt"/>
        <line num="109" count="1" type="stmt"/>
        <line num="117" count="1" type="stmt"/>
        <line num="125" count="1" type="stmt"/>
        <line num="133" count="0" type="stmt"/>
        <line num="141" count="1" type="stmt"/>
        <line num="150" count="0" type="cond" truecount="0" falsecount="4"/>
        <line num="151" count="0" type="stmt"/>
        <line num="153" count="0" type="stmt"/>
        <line num="157" count="1" type="stmt"/>
      </file>
    </metrics>
  </project>
</coverage>
