{"D:\\xampp\\htdocs\\daw2\\cliente\\Unidad2-Profundizacion\\Evaluable03 - Buggy_code\\buggy_code\\app\\data\\dataset_utils.js": {"path":"D:\\xampp\\htdocs\\daw2\\cliente\\Unidad2-Profundizacion\\Evaluable03 - Buggy_code\\buggy_code\\app\\data\\dataset_utils.js","statementMap":{"0":{"start":{"line":4,"column":16},"end":{"line":74,"column":1}},"1":{"start":{"line":82,"column":1},"end":{"line":89,"column":2}},"2":{"start":{"line":88,"column":2},"end":{"line":88,"column":14}},"3":{"start":{"line":90,"column":1},"end":{"line":90,"column":14}},"4":{"start":{"line":100,"column":1},"end":{"line":108,"column":2}},"5":{"start":{"line":107,"column":2},"end":{"line":107,"column":14}},"6":{"start":{"line":109,"column":1},"end":{"line":109,"column":14}},"7":{"start":{"line":118,"column":1},"end":{"line":132,"column":2}},"8":{"start":{"line":131,"column":2},"end":{"line":131,"column":14}},"9":{"start":{"line":133,"column":1},"end":{"line":133,"column":14}},"10":{"start":{"line":142,"column":1},"end":{"line":144,"column":2}},"11":{"start":{"line":143,"column":2},"end":{"line":143,"column":14}},"12":{"start":{"line":150,"column":1},"end":{"line":150,"column":14}},"13":{"start":{"line":153,"column":0},"end":{"line":153,"column":37}},"14":{"start":{"line":154,"column":0},"end":{"line":154,"column":36}},"15":{"start":{"line":155,"column":0},"end":{"line":155,"column":24}},"16":{"start":{"line":156,"column":0},"end":{"line":156,"column":30}},"17":{"start":{"line":157,"column":0},"end":{"line":157,"column":36}}},"fnMap":{"0":{"name":"isForward","decl":{"start":{"line":81,"column":9},"end":{"line":81,"column":18}},"loc":{"start":{"line":81,"column":39},"end":{"line":92,"column":1}},"line":81},"1":{"name":"isBack","decl":{"start":{"line":99,"column":9},"end":{"line":99,"column":15}},"loc":{"start":{"line":99,"column":37},"end":{"line":110,"column":1}},"line":99},"2":{"name":"isMidfielder","decl":{"start":{"line":117,"column":9},"end":{"line":117,"column":21}},"loc":{"start":{"line":117,"column":43},"end":{"line":134,"column":1}},"line":117},"3":{"name":"isGoalKeeper","decl":{"start":{"line":141,"column":9},"end":{"line":141,"column":21}},"loc":{"start":{"line":141,"column":43},"end":{"line":151,"column":1}},"line":141}},"branchMap":{"0":{"loc":{"start":{"line":82,"column":1},"end":{"line":89,"column":2}},"type":"if","locations":[{"start":{"line":82,"column":1},"end":{"line":89,"column":2}},{"start":{"line":82,"column":1},"end":{"line":89,"column":2}}],"line":82},"1":{"loc":{"start":{"line":82,"column":5},"end":{"line":87,"column":48}},"type":"binary-expr","locations":[{"start":{"line":82,"column":5},"end":{"line":82,"column":53}},{"start":{"line":83,"column":2},"end":{"line":83,"column":48}},{"start":{"line":84,"column":2},"end":{"line":84,"column":49}},{"start":{"line":85,"column":2},"end":{"line":85,"column":43}},{"start":{"line":86,"column":2},"end":{"line":86,"column":49}},{"start":{"line":87,"column":2},"end":{"line":87,"column":48}}],"line":82},"2":{"loc":{"start":{"line":100,"column":1},"end":{"line":108,"column":2}},"type":"if","locations":[{"start":{"line":100,"column":1},"end":{"line":108,"column":2}},{"start":{"line":100,"column":1},"end":{"line":108,"column":2}}],"line":100},"3":{"loc":{"start":{"line":100,"column":5},"end":{"line":106,"column":52}},"type":"binary-expr","locations":[{"start":{"line":100,"column":5},"end":{"line":100,"column":51}},{"start":{"line":101,"column":2},"end":{"line":101,"column":46}},{"start":{"line":102,"column":2},"end":{"line":102,"column":53}},{"start":{"line":103,"column":2},"end":{"line":103,"column":51}},{"start":{"line":104,"column":2},"end":{"line":104,"column":47}},{"start":{"line":105,"column":2},"end":{"line":105,"column":54}},{"start":{"line":106,"column":2},"end":{"line":106,"column":52}}],"line":100},"4":{"loc":{"start":{"line":118,"column":1},"end":{"line":132,"column":2}},"type":"if","locations":[{"start":{"line":118,"column":1},"end":{"line":132,"column":2}},{"start":{"line":118,"column":1},"end":{"line":132,"column":2}}],"line":118},"5":{"loc":{"start":{"line":118,"column":5},"end":{"line":130,"column":46}},"type":"binary-expr","locations":[{"start":{"line":118,"column":5},"end":{"line":118,"column":67}},{"start":{"line":119,"column":2},"end":{"line":119,"column":64}},{"start":{"line":120,"column":2},"end":{"line":120,"column":54}},{"start":{"line":121,"column":2},"end":{"line":121,"column":62}},{"start":{"line":122,"column":2},"end":{"line":122,"column":59}},{"start":{"line":123,"column":2},"end":{"line":123,"column":62}},{"start":{"line":124,"column":2},"end":{"line":124,"column":52}},{"start":{"line":125,"column":2},"end":{"line":125,"column":63}},{"start":{"line":126,"column":2},"end":{"line":126,"column":60}},{"start":{"line":127,"column":2},"end":{"line":127,"column":63}},{"start":{"line":128,"column":2},"end":{"line":128,"column":53}},{"start":{"line":129,"column":2},"end":{"line":129,"column":47}},{"start":{"line":130,"column":2},"end":{"line":130,"column":46}}],"line":118},"6":{"loc":{"start":{"line":142,"column":1},"end":{"line":144,"column":2}},"type":"if","locations":[{"start":{"line":142,"column":1},"end":{"line":144,"column":2}},{"start":{"line":142,"column":1},"end":{"line":144,"column":2}}],"line":142}},"s":{"0":2,"1":14,"2":9,"3":5,"4":15,"5":8,"6":7,"7":21,"8":20,"9":1,"10":8,"11":1,"12":7,"13":2,"14":2,"15":2,"16":2,"17":2},"f":{"0":14,"1":15,"2":21,"3":8},"b":{"0":[9,5],"1":[14,12,11,10,7,6],"2":[8,7],"3":[15,14,13,12,11,10,9],"4":[20,1],"5":[21,19,18,17,16,15,14,13,12,11,10,9,6],"6":[1,7]},"_coverageSchema":"332fd63041d2c1bcb487cc26dd0d5f7d97098a6c","hash":"01bb23edcb6177e545e7c51e983a43086cf4ed1b"}
,"D:\\xampp\\htdocs\\daw2\\cliente\\Unidad2-Profundizacion\\Evaluable03 - Buggy_code\\buggy_code\\app\\data\\json_reader.js": {"path":"D:\\xampp\\htdocs\\daw2\\cliente\\Unidad2-Profundizacion\\Evaluable03 - Buggy_code\\buggy_code\\app\\data\\json_reader.js","statementMap":{"0":{"start":{"line":1,"column":11},"end":{"line":1,"column":24}},"1":{"start":{"line":2,"column":22},"end":{"line":2,"column":65}},"2":{"start":{"line":3,"column":19},"end":{"line":3,"column":44}},"3":{"start":{"line":4,"column":16},"end":{"line":4,"column":42}},"4":{"start":{"line":12,"column":21},"end":{"line":12,"column":23}},"5":{"start":{"line":13,"column":4},"end":{"line":17,"column":5}},"6":{"start":{"line":14,"column":17},"end":{"line":14,"column":48}},"7":{"start":{"line":15,"column":24},"end":{"line":15,"column":63}},"8":{"start":{"line":16,"column":8},"end":{"line":16,"column":35}},"9":{"start":{"line":18,"column":4},"end":{"line":18,"column":22}},"10":{"start":{"line":28,"column":21},"end":{"line":28,"column":30}},"11":{"start":{"line":29,"column":4},"end":{"line":36,"column":5}},"12":{"start":{"line":30,"column":8},"end":{"line":30,"column":42}},"13":{"start":{"line":32,"column":8},"end":{"line":35,"column":53}},"14":{"start":{"line":33,"column":12},"end":{"line":33,"column":62}},"15":{"start":{"line":35,"column":13},"end":{"line":35,"column":53}},"16":{"start":{"line":37,"column":4},"end":{"line":37,"column":22}},"17":{"start":{"line":40,"column":0},"end":{"line":40,"column":36}},"18":{"start":{"line":41,"column":0},"end":{"line":41,"column":55}}},"fnMap":{"0":{"name":"extractDataFromRawJSON","decl":{"start":{"line":11,"column":9},"end":{"line":11,"column":31}},"loc":{"start":{"line":11,"column":43},"end":{"line":19,"column":1}},"line":11},"1":{"name":"readJSONData","decl":{"start":{"line":27,"column":9},"end":{"line":27,"column":21}},"loc":{"start":{"line":27,"column":31},"end":{"line":38,"column":1}},"line":27}},"branchMap":{"0":{"loc":{"start":{"line":32,"column":8},"end":{"line":35,"column":53}},"type":"if","locations":[{"start":{"line":32,"column":8},"end":{"line":35,"column":53}},{"start":{"line":32,"column":8},"end":{"line":35,"column":53}}],"line":32}},"s":{"0":2,"1":2,"2":2,"3":2,"4":2,"5":2,"6":6,"7":6,"8":6,"9":2,"10":5,"11":5,"12":5,"13":2,"14":1,"15":1,"16":3,"17":2,"18":2},"f":{"0":2,"1":5},"b":{"0":[1,1]},"_coverageSchema":"332fd63041d2c1bcb487cc26dd0d5f7d97098a6c","hash":"c83c94bfbad055fe7932878b35502bc1d7f92cb1"}
,"D:\\xampp\\htdocs\\daw2\\cliente\\Unidad2-Profundizacion\\Evaluable03 - Buggy_code\\buggy_code\\app\\data\\player.js": {"path":"D:\\xampp\\htdocs\\daw2\\cliente\\Unidad2-Profundizacion\\Evaluable03 - Buggy_code\\buggy_code\\app\\data\\player.js","statementMap":{"0":{"start":{"line":1,"column":22},"end":{"line":1,"column":48}},"1":{"start":{"line":2,"column":16},"end":{"line":2,"column":46}},"2":{"start":{"line":3,"column":21},"end":{"line":3,"column":47}},"3":{"start":{"line":4,"column":21},"end":{"line":4,"column":47}},"4":{"start":{"line":5,"column":18},"end":{"line":5,"column":41}},"5":{"start":{"line":6,"column":15},"end":{"line":6,"column":35}},"6":{"start":{"line":17,"column":8},"end":{"line":17,"column":27}},"7":{"start":{"line":27,"column":21},"end":{"line":27,"column":41}},"8":{"start":{"line":28,"column":8},"end":{"line":28,"column":52}},"9":{"start":{"line":29,"column":8},"end":{"line":29,"column":49}},"10":{"start":{"line":30,"column":8},"end":{"line":30,"column":55}},"11":{"start":{"line":31,"column":8},"end":{"line":31,"column":47}},"12":{"start":{"line":32,"column":8},"end":{"line":32,"column":49}},"13":{"start":{"line":33,"column":8},"end":{"line":33,"column":63}},"14":{"start":{"line":34,"column":21},"end":{"line":34,"column":78}},"15":{"start":{"line":34,"column":28},"end":{"line":34,"column":78}},"16":{"start":{"line":35,"column":21},"end":{"line":35,"column":75}},"17":{"start":{"line":35,"column":28},"end":{"line":35,"column":75}},"18":{"start":{"line":36,"column":20},"end":{"line":44,"column":9}},"19":{"start":{"line":37,"column":12},"end":{"line":43,"column":13}},"20":{"start":{"line":38,"column":24},"end":{"line":38,"column":33}},"21":{"start":{"line":39,"column":16},"end":{"line":39,"column":25}},"22":{"start":{"line":40,"column":19},"end":{"line":43,"column":13}},"23":{"start":{"line":41,"column":24},"end":{"line":41,"column":33}},"24":{"start":{"line":42,"column":16},"end":{"line":42,"column":25}},"25":{"start":{"line":45,"column":8},"end":{"line":45,"column":65}},"26":{"start":{"line":46,"column":33},"end":{"line":46,"column":94}},"27":{"start":{"line":47,"column":8},"end":{"line":47,"column":64}},"28":{"start":{"line":48,"column":8},"end":{"line":48,"column":52}},"29":{"start":{"line":49,"column":8},"end":{"line":49,"column":58}},"30":{"start":{"line":50,"column":8},"end":{"line":50,"column":64}},"31":{"start":{"line":51,"column":8},"end":{"line":51,"column":22}},"32":{"start":{"line":61,"column":8},"end":{"line":61,"column":34}},"33":{"start":{"line":69,"column":8},"end":{"line":69,"column":31}},"34":{"start":{"line":77,"column":8},"end":{"line":77,"column":28}},"35":{"start":{"line":85,"column":8},"end":{"line":85,"column":34}},"36":{"start":{"line":93,"column":8},"end":{"line":93,"column":26}},"37":{"start":{"line":101,"column":8},"end":{"line":101,"column":28}},"38":{"start":{"line":109,"column":8},"end":{"line":109,"column":25}},"39":{"start":{"line":117,"column":8},"end":{"line":117,"column":24}},"40":{"start":{"line":125,"column":8},"end":{"line":125,"column":25}},"41":{"start":{"line":133,"column":8},"end":{"line":133,"column":23}},"42":{"start":{"line":141,"column":8},"end":{"line":141,"column":28}},"43":{"start":{"line":150,"column":8},"end":{"line":152,"column":9}},"44":{"start":{"line":151,"column":12},"end":{"line":151,"column":24}},"45":{"start":{"line":153,"column":8},"end":{"line":153,"column":21}},"46":{"start":{"line":157,"column":0},"end":{"line":157,"column":24}}},"fnMap":{"0":{"name":"(anonymous_0)","decl":{"start":{"line":16,"column":4},"end":{"line":16,"column":5}},"loc":{"start":{"line":16,"column":25},"end":{"line":18,"column":5}},"line":16},"1":{"name":"(anonymous_1)","decl":{"start":{"line":26,"column":4},"end":{"line":26,"column":5}},"loc":{"start":{"line":26,"column":53},"end":{"line":52,"column":5}},"line":26},"2":{"name":"(anonymous_2)","decl":{"start":{"line":34,"column":21},"end":{"line":34,"column":22}},"loc":{"start":{"line":34,"column":28},"end":{"line":34,"column":78}},"line":34},"3":{"name":"(anonymous_3)","decl":{"start":{"line":35,"column":21},"end":{"line":35,"column":22}},"loc":{"start":{"line":35,"column":28},"end":{"line":35,"column":75}},"line":35},"4":{"name":"(anonymous_4)","decl":{"start":{"line":36,"column":20},"end":{"line":36,"column":21}},"loc":{"start":{"line":36,"column":27},"end":{"line":44,"column":9}},"line":36},"5":{"name":"(anonymous_5)","decl":{"start":{"line":60,"column":4},"end":{"line":60,"column":5}},"loc":{"start":{"line":60,"column":18},"end":{"line":62,"column":5}},"line":60},"6":{"name":"(anonymous_6)","decl":{"start":{"line":68,"column":4},"end":{"line":68,"column":5}},"loc":{"start":{"line":68,"column":15},"end":{"line":70,"column":5}},"line":68},"7":{"name":"(anonymous_7)","decl":{"start":{"line":76,"column":4},"end":{"line":76,"column":5}},"loc":{"start":{"line":76,"column":12},"end":{"line":78,"column":5}},"line":76},"8":{"name":"(anonymous_8)","decl":{"start":{"line":84,"column":4},"end":{"line":84,"column":5}},"loc":{"start":{"line":84,"column":18},"end":{"line":86,"column":5}},"line":84},"9":{"name":"(anonymous_9)","decl":{"start":{"line":92,"column":4},"end":{"line":92,"column":5}},"loc":{"start":{"line":92,"column":14},"end":{"line":94,"column":5}},"line":92},"10":{"name":"(anonymous_10)","decl":{"start":{"line":100,"column":4},"end":{"line":100,"column":5}},"loc":{"start":{"line":100,"column":20},"end":{"line":102,"column":5}},"line":100},"11":{"name":"(anonymous_11)","decl":{"start":{"line":108,"column":4},"end":{"line":108,"column":5}},"loc":{"start":{"line":108,"column":13},"end":{"line":110,"column":5}},"line":108},"12":{"name":"(anonymous_12)","decl":{"start":{"line":116,"column":4},"end":{"line":116,"column":5}},"loc":{"start":{"line":116,"column":12},"end":{"line":118,"column":5}},"line":116},"13":{"name":"(anonymous_13)","decl":{"start":{"line":124,"column":4},"end":{"line":124,"column":5}},"loc":{"start":{"line":124,"column":13},"end":{"line":126,"column":5}},"line":124},"14":{"name":"(anonymous_14)","decl":{"start":{"line":132,"column":4},"end":{"line":132,"column":5}},"loc":{"start":{"line":132,"column":11},"end":{"line":134,"column":5}},"line":132},"15":{"name":"(anonymous_15)","decl":{"start":{"line":140,"column":4},"end":{"line":140,"column":5}},"loc":{"start":{"line":140,"column":16},"end":{"line":142,"column":5}},"line":140},"16":{"name":"(anonymous_16)","decl":{"start":{"line":149,"column":4},"end":{"line":149,"column":5}},"loc":{"start":{"line":149,"column":15},"end":{"line":154,"column":5}},"line":149}},"branchMap":{"0":{"loc":{"start":{"line":37,"column":12},"end":{"line":43,"column":13}},"type":"if","locations":[{"start":{"line":37,"column":12},"end":{"line":43,"column":13}},{"start":{"line":37,"column":12},"end":{"line":43,"column":13}}],"line":37},"1":{"loc":{"start":{"line":40,"column":19},"end":{"line":43,"column":13}},"type":"if","locations":[{"start":{"line":40,"column":19},"end":{"line":43,"column":13}},{"start":{"line":40,"column":19},"end":{"line":43,"column":13}}],"line":40},"2":{"loc":{"start":{"line":150,"column":8},"end":{"line":152,"column":9}},"type":"if","locations":[{"start":{"line":150,"column":8},"end":{"line":152,"column":9}},{"start":{"line":150,"column":8},"end":{"line":152,"column":9}}],"line":150},"3":{"loc":{"start":{"line":150,"column":11},"end":{"line":150,"column":69}},"type":"binary-expr","locations":[{"start":{"line":150,"column":11},"end":{"line":150,"column":38}},{"start":{"line":150,"column":42},"end":{"line":150,"column":69}}],"line":150}},"s":{"0":2,"1":2,"2":2,"3":2,"4":2,"5":2,"6":6,"7":6,"8":6,"9":6,"10":6,"11":6,"12":6,"13":6,"14":6,"15":6,"16":6,"17":0,"18":6,"19":6,"20":6,"21":6,"22":0,"23":0,"24":0,"25":6,"26":6,"27":6,"28":6,"29":6,"30":6,"31":6,"32":1,"33":2,"34":2,"35":2,"36":2,"37":2,"38":2,"39":2,"40":2,"41":3,"42":2,"43":1,"44":1,"45":0,"46":2},"f":{"0":6,"1":6,"2":6,"3":0,"4":6,"5":1,"6":2,"7":2,"8":2,"9":2,"10":2,"11":2,"12":2,"13":2,"14":3,"15":2,"16":1},"b":{"0":[6,0],"1":[0,0],"2":[1,0],"3":[1,1]},"_coverageSchema":"332fd63041d2c1bcb487cc26dd0d5f7d97098a6c","hash":"0cca4c68becdb08a40698d02fa710e94952ac682"}
}
