TN:
SF:D:\xampp\htdocs\daw2\cliente\Unidad2-Profundizacion\Evaluable03 - Buggy_code\buggy_code\app\data\dataset_utils.js
FN:81,isForward
FN:99,isBack
FN:117,isMidfielder
FN:141,isGoalKeeper
FNF:4
FNH:4
FNDA:14,isForward
FNDA:15,isBack
FNDA:21,isMidfielder
FNDA:8,isGoalKeeper
DA:4,2
DA:82,14
DA:88,9
DA:90,5
DA:100,15
DA:107,8
DA:109,7
DA:118,21
DA:131,20
DA:133,1
DA:142,8
DA:143,1
DA:150,7
DA:153,2
DA:154,2
DA:155,2
DA:156,2
DA:157,2
LF:18
LH:18
BRDA:82,0,0,9
BRDA:82,0,1,5
BRDA:82,1,0,14
BRDA:82,1,1,12
BRDA:82,1,2,11
BRDA:82,1,3,10
BRDA:82,1,4,7
BRDA:82,1,5,6
BRDA:100,2,0,8
BRDA:100,2,1,7
BRDA:100,3,0,15
BRDA:100,3,1,14
BRDA:100,3,2,13
BRDA:100,3,3,12
BRDA:100,3,4,11
BRDA:100,3,5,10
BRDA:100,3,6,9
BRDA:118,4,0,20
BRDA:118,4,1,1
BRDA:118,5,0,21
BRDA:118,5,1,19
BRDA:118,5,2,18
BRDA:118,5,3,17
BRDA:118,5,4,16
BRDA:118,5,5,15
BRDA:118,5,6,14
BRDA:118,5,7,13
BRDA:118,5,8,12
BRDA:118,5,9,11
BRDA:118,5,10,10
BRDA:118,5,11,9
BRDA:118,5,12,6
BRDA:142,6,0,1
BRDA:142,6,1,7
BRF:34
BRH:34
end_of_record
TN:
SF:D:\xampp\htdocs\daw2\cliente\Unidad2-Profundizacion\Evaluable03 - Buggy_code\buggy_code\app\data\json_reader.js
FN:11,extractDataFromRawJSON
FN:27,readJSONData
FNF:2
FNH:2
FNDA:2,extractDataFromRawJSON
FNDA:5,readJSONData
DA:1,2
DA:2,2
DA:3,2
DA:4,2
DA:12,2
DA:13,2
DA:14,6
DA:15,6
DA:16,6
DA:18,2
DA:28,5
DA:29,5
DA:30,5
DA:32,2
DA:33,1
DA:35,1
DA:37,3
DA:40,2
DA:41,2
LF:19
LH:19
BRDA:32,0,0,1
BRDA:32,0,1,1
BRF:2
BRH:2
end_of_record
TN:
SF:D:\xampp\htdocs\daw2\cliente\Unidad2-Profundizacion\Evaluable03 - Buggy_code\buggy_code\app\data\player.js
FN:16,(anonymous_0)
FN:26,(anonymous_1)
FN:34,(anonymous_2)
FN:35,(anonymous_3)
FN:36,(anonymous_4)
FN:60,(anonymous_5)
FN:68,(anonymous_6)
FN:76,(anonymous_7)
FN:84,(anonymous_8)
FN:92,(anonymous_9)
FN:100,(anonymous_10)
FN:108,(anonymous_11)
FN:116,(anonymous_12)
FN:124,(anonymous_13)
FN:132,(anonymous_14)
FN:140,(anonymous_15)
FN:149,(anonymous_16)
FNF:17
FNH:16
FNDA:6,(anonymous_0)
FNDA:6,(anonymous_1)
FNDA:6,(anonymous_2)
FNDA:0,(anonymous_3)
FNDA:6,(anonymous_4)
FNDA:1,(anonymous_5)
FNDA:2,(anonymous_6)
FNDA:2,(anonymous_7)
FNDA:2,(anonymous_8)
FNDA:2,(anonymous_9)
FNDA:2,(anonymous_10)
FNDA:2,(anonymous_11)
FNDA:2,(anonymous_12)
FNDA:2,(anonymous_13)
FNDA:3,(anonymous_14)
FNDA:2,(anonymous_15)
FNDA:1,(anonymous_16)
DA:1,2
DA:2,2
DA:3,2
DA:4,2
DA:5,2
DA:6,2
DA:17,6
DA:27,6
DA:28,6
DA:29,6
DA:30,6
DA:31,6
DA:32,6
DA:33,6
DA:34,6
DA:35,6
DA:36,6
DA:37,6
DA:38,6
DA:39,6
DA:40,0
DA:41,0
DA:42,0
DA:45,6
DA:46,6
DA:47,6
DA:48,6
DA:49,6
DA:50,6
DA:51,6
DA:61,1
DA:69,2
DA:77,2
DA:85,2
DA:93,2
DA:101,2
DA:109,2
DA:117,2
DA:125,2
DA:133,3
DA:141,2
DA:150,1
DA:151,1
DA:153,0
DA:157,2
LF:45
LH:41
BRDA:37,0,0,6
BRDA:37,0,1,0
BRDA:40,1,0,0
BRDA:40,1,1,0
BRDA:150,2,0,1
BRDA:150,2,1,0
BRDA:150,3,0,1
BRDA:150,3,1,1
BRF:8
BRH:4
end_of_record
