TN:
SF:C:\xampp\htdocs\daw2\desarrolloEntornoCliente\Unidad2-Profundizacion\Evaluable03 - Buggy_code\buggy_code\app\data\dataset_utils.js
FN:81,isForward
FN:99,isBack
FN:117,isMidfielder
FN:141,isGoalKeeper
FNF:4
FNH:4
FNDA:12,isForward
FNDA:13,isBack
FNDA:22,isMidfielder
FNDA:5,isGoalKeeper
DA:4,1
DA:82,12
DA:88,8
DA:90,4
DA:100,13
DA:107,8
DA:109,5
DA:118,22
DA:131,20
DA:133,2
DA:142,5
DA:143,1
DA:144,4
DA:145,1
DA:147,3
DA:150,1
DA:151,1
DA:152,1
DA:153,1
DA:154,1
LF:20
LH:20
BRDA:82,0,0,8
BRDA:82,0,1,4
BRDA:82,1,0,12
BRDA:82,1,1,10
BRDA:82,1,2,9
BRDA:82,1,3,8
BRDA:82,1,4,6
BRDA:82,1,5,5
BRDA:100,2,0,8
BRDA:100,2,1,5
BRDA:100,3,0,13
BRDA:100,3,1,12
BRDA:100,3,2,11
BRDA:100,3,3,10
BRDA:100,3,4,9
BRDA:100,3,5,8
BRDA:100,3,6,7
BRDA:118,4,0,20
BRDA:118,4,1,2
BRDA:118,5,0,22
BRDA:118,5,1,20
BRDA:118,5,2,19
BRDA:118,5,3,18
BRDA:118,5,4,17
BRDA:118,5,5,16
BRDA:118,5,6,15
BRDA:118,5,7,14
BRDA:118,5,8,13
BRDA:118,5,9,12
BRDA:118,5,10,11
BRDA:118,5,11,10
BRDA:118,5,12,7
BRDA:142,6,0,1
BRDA:142,6,1,4
BRDA:144,7,0,1
BRDA:144,7,1,3
BRDA:144,8,0,4
BRDA:144,8,1,1
BRDA:144,8,2,1
BRF:39
BRH:39
end_of_record
TN:
SF:C:\xampp\htdocs\daw2\desarrolloEntornoCliente\Unidad2-Profundizacion\Evaluable03 - Buggy_code\buggy_code\app\data\json_reader.js
FN:11,extractDataFromRawJSON
FN:27,readJSONData
FNF:2
FNH:2
FNDA:1,extractDataFromRawJSON
FNDA:4,readJSONData
DA:1,1
DA:2,1
DA:3,1
DA:4,1
DA:12,1
DA:13,1
DA:14,3
DA:15,3
DA:16,3
DA:18,1
DA:28,4
DA:29,4
DA:30,4
DA:32,2
DA:33,1
DA:35,1
DA:37,2
DA:40,1
DA:41,1
LF:19
LH:19
BRDA:32,0,0,1
BRDA:32,0,1,1
BRF:2
BRH:2
end_of_record
TN:
SF:C:\xampp\htdocs\daw2\desarrolloEntornoCliente\Unidad2-Profundizacion\Evaluable03 - Buggy_code\buggy_code\app\data\player.js
FN:16,(anonymous_0)
FN:26,(anonymous_1)
FN:34,(anonymous_2)
FN:35,(anonymous_3)
FN:36,(anonymous_4)
FN:60,(anonymous_5)
FN:68,(anonymous_6)
FN:76,(anonymous_7)
FN:84,(anonymous_8)
FN:92,(anonymous_9)
FN:100,(anonymous_10)
FN:108,(anonymous_11)
FN:116,(anonymous_12)
FN:124,(anonymous_13)
FN:132,(anonymous_14)
FN:140,(anonymous_15)
FN:149,(anonymous_16)
FNF:17
FNH:13
FNDA:3,(anonymous_0)
FNDA:3,(anonymous_1)
FNDA:3,(anonymous_2)
FNDA:0,(anonymous_3)
FNDA:3,(anonymous_4)
FNDA:0,(anonymous_5)
FNDA:1,(anonymous_6)
FNDA:1,(anonymous_7)
FNDA:1,(anonymous_8)
FNDA:1,(anonymous_9)
FNDA:1,(anonymous_10)
FNDA:1,(anonymous_11)
FNDA:1,(anonymous_12)
FNDA:1,(anonymous_13)
FNDA:0,(anonymous_14)
FNDA:1,(anonymous_15)
FNDA:0,(anonymous_16)
DA:1,1
DA:2,1
DA:3,1
DA:4,1
DA:5,1
DA:6,1
DA:17,3
DA:27,3
DA:28,3
DA:29,3
DA:30,3
DA:31,3
DA:32,3
DA:33,3
DA:34,3
DA:35,3
DA:36,3
DA:37,3
DA:38,3
DA:39,3
DA:40,0
DA:41,0
DA:42,0
DA:45,3
DA:46,3
DA:47,3
DA:48,3
DA:49,3
DA:50,3
DA:51,3
DA:61,0
DA:69,1
DA:77,1
DA:85,1
DA:93,1
DA:101,1
DA:109,1
DA:117,1
DA:125,1
DA:133,0
DA:141,1
DA:150,0
DA:151,0
DA:153,0
DA:157,1
LF:45
LH:37
BRDA:37,0,0,3
BRDA:37,0,1,0
BRDA:40,1,0,0
BRDA:40,1,1,0
BRDA:150,2,0,0
BRDA:150,2,1,0
BRDA:150,3,0,0
BRDA:150,3,1,0
BRF:8
BRH:1
end_of_record
